<?xml version="1.0" encoding="UTF-8"?>
<!-- Generated by org.testng.reporters.JUnitReportReporter -->
<testsuite hostname="LAPTOP-PG58VPJS" failures="0" tests="1" name="tekPyramid.ReadRunTimeMavenParameterTest" time="0.009" errors="0" timestamp="2024-05-21T11:01:06 IST" skipped="0">
  <testcase classname="tekPyramid.ReadRunTimeMavenParameterTest" name="samplerun" time="0.009"/>
</testsuite> <!-- tekPyramid.ReadRunTimeMavenParameterTest -->
