<?xml version="1.0" encoding="UTF-8"?>
<!-- Generated by org.testng.reporters.JUnitReportReporter -->
<testsuite hostname="LAPTOP-PG58VPJS" failures="0" tests="1" name="basicSeleniumPractice.DynamicWebTable" time="7.897" errors="0" timestamp="2024-05-25T11:21:00 IST" skipped="0">
  <testcase classname="basicSeleniumPractice.DynamicWebTable" name="fetchPrice" time="7.897"/>
</testsuite> <!-- basicSeleniumPractice.DynamicWebTable -->
