<?xml version="1.0" encoding="UTF-8"?>
<!-- Generated by org.testng.reporters.JUnitReportReporter -->
<testsuite hostname="LAPTOP-PG58VPJS" failures="0" tests="1" name="basicSeleniumPractice.TableWithSort" time="7.606" errors="0" timestamp="2024-05-25T11:34:40 IST" skipped="0">
  <testcase classname="basicSeleniumPractice.TableWithSort" name="sortTable" time="7.606"/>
</testsuite> <!-- basicSeleniumPractice.TableWithSort -->
