<?xml version="1.0" encoding="UTF-8"?>
<!-- Generated by org.testng.reporters.JUnitReportReporter -->
<testsuite hostname="LAPTOP-PG58VPJS" failures="0" tests="1" name="basicSeleniumPractice.TablePage" time="13.109" errors="0" timestamp="2024-05-25T12:09:01 IST" skipped="0">
  <testcase classname="basicSeleniumPractice.TablePage" name="tablePageCount" time="13.109"/>
</testsuite> <!-- basicSeleniumPractice.TablePage -->
