<?xml version="1.0" encoding="UTF-8"?>
<!-- Generated by org.testng.reporters.JUnitReportReporter -->
<testsuite hostname="LAPTOP-PG58VPJS" failures="0" tests="1" name="basicSeleniumPractice.WebTable" time="7.377" errors="0" timestamp="2024-05-25T11:16:40 IST" skipped="0">
  <testcase classname="basicSeleniumPractice.WebTable" name="getPrice" time="7.377"/>
</testsuite> <!-- basicSeleniumPractice.WebTable -->
